<?xml version="1.0" encoding="utf-8"?><testsuites><testsuite errors="0" failures="0" hostname="AnoozPC" name="pytest" skipped="0" tests="2" time="16.019" timestamp="2021-06-27T00:25:50.686814"><testcase classname="test_HomePage.TestHomePage" file="test_HomePage.py" line="10" name="test_formSubmission[getData0]" time="9.356"></testcase><testcase classname="test_HomePage.TestHomePage" file="test_HomePage.py" line="10" name="test_formSubmission[getData1]" time="6.554"></testcase></testsuite></testsuites>